mode: set
github.com/BogdanYanov/gojs-functions/jstime/jstime.go:14.50,20.2 1 1
github.com/BogdanYanov/gojs-functions/jstime/jstime.go:22.55,26.2 3 1
github.com/BogdanYanov/gojs-functions/jstime/jstime.go:28.46,29.28 1 1
github.com/BogdanYanov/gojs-functions/jstime/jstime.go:29.28,32.3 2 1
github.com/BogdanYanov/gojs-functions/jstime/jstime.go:35.47,40.2 4 1
github.com/BogdanYanov/gojs-functions/jstime/jstime.go:44.59,50.12 2 1
github.com/BogdanYanov/gojs-functions/jstime/jstime.go:61.2,61.39 1 1
github.com/BogdanYanov/gojs-functions/jstime/jstime.go:50.12,51.7 1 1
github.com/BogdanYanov/gojs-functions/jstime/jstime.go:51.7,52.11 1 1
github.com/BogdanYanov/gojs-functions/jstime/jstime.go:53.37,55.11 2 1
github.com/BogdanYanov/gojs-functions/jstime/jstime.go:56.20,57.8 1 1
github.com/BogdanYanov/gojs-functions/jstime/jstime.go:66.58,72.12 2 1
github.com/BogdanYanov/gojs-functions/jstime/jstime.go:85.2,85.39 1 1
github.com/BogdanYanov/gojs-functions/jstime/jstime.go:72.12,73.7 1 1
github.com/BogdanYanov/gojs-functions/jstime/jstime.go:73.7,74.11 1 1
github.com/BogdanYanov/gojs-functions/jstime/jstime.go:75.37,77.11 2 1
github.com/BogdanYanov/gojs-functions/jstime/jstime.go:78.19,81.11 3 1
