mode: set
github.com/BogdanYanov/gojs-functions/jstime/jstime.go:10.70,25.12 7 1
github.com/BogdanYanov/gojs-functions/jstime/jstime.go:38.2,38.16 1 1
github.com/BogdanYanov/gojs-functions/jstime/jstime.go:25.12,26.7 1 1
github.com/BogdanYanov/gojs-functions/jstime/jstime.go:26.7,27.11 1 1
github.com/BogdanYanov/gojs-functions/jstime/jstime.go:28.17,32.11 4 1
github.com/BogdanYanov/gojs-functions/jstime/jstime.go:33.20,34.8 1 1
github.com/BogdanYanov/gojs-functions/jstime/jstime.go:38.16,40.16 2 1
github.com/BogdanYanov/gojs-functions/jstime/jstime.go:44.3,44.14 1 1
github.com/BogdanYanov/gojs-functions/jstime/jstime.go:40.16,43.4 2 1
github.com/BogdanYanov/gojs-functions/jstime/jstime.go:50.69,65.12 7 1
github.com/BogdanYanov/gojs-functions/jstime/jstime.go:84.2,84.16 1 1
github.com/BogdanYanov/gojs-functions/jstime/jstime.go:65.12,66.7 1 1
github.com/BogdanYanov/gojs-functions/jstime/jstime.go:66.7,67.11 1 1
github.com/BogdanYanov/gojs-functions/jstime/jstime.go:68.17,72.11 4 1
github.com/BogdanYanov/gojs-functions/jstime/jstime.go:73.19,80.11 7 1
github.com/BogdanYanov/gojs-functions/jstime/jstime.go:84.16,86.16 2 1
github.com/BogdanYanov/gojs-functions/jstime/jstime.go:90.3,90.14 1 1
github.com/BogdanYanov/gojs-functions/jstime/jstime.go:86.16,89.4 2 1
